{"/home/daniel_lima/Documentos/Jest-Projeto-DFL/Aluno.js": {"path":"/home/daniel_lima/Documentos/Jest-Projeto-DFL/Aluno.js","statementMap":{"0":{"start":{"line":3,"column":8},"end":{"line":3,"column":25}},"1":{"start":{"line":4,"column":8},"end":{"line":4,"column":27}},"2":{"start":{"line":8,"column":21},"end":{"line":8,"column":68}},"3":{"start":{"line":8,"column":54},"end":{"line":8,"column":64}},"4":{"start":{"line":9,"column":19},"end":{"line":9,"column":43}},"5":{"start":{"line":10,"column":8},"end":{"line":10,"column":77}},"6":{"start":{"line":10,"column":25},"end":{"line":10,"column":77}},"7":{"start":{"line":11,"column":8},"end":{"line":11,"column":20}},"8":{"start":{"line":15,"column":22},"end":{"line":15,"column":42}},"9":{"start":{"line":16,"column":8},"end":{"line":16,"column":36}},"10":{"start":{"line":16,"column":24},"end":{"line":16,"column":36}},"11":{"start":{"line":17,"column":8},"end":{"line":17,"column":36}},"12":{"start":{"line":17,"column":24},"end":{"line":17,"column":36}},"13":{"start":{"line":18,"column":8},"end":{"line":18,"column":36}},"14":{"start":{"line":18,"column":24},"end":{"line":18,"column":36}},"15":{"start":{"line":19,"column":8},"end":{"line":19,"column":20}},"16":{"start":{"line":23,"column":23},"end":{"line":23,"column":41}},"17":{"start":{"line":25,"column":8},"end":{"line":25,"column":66}},"18":{"start":{"line":25,"column":48},"end":{"line":25,"column":66}},"19":{"start":{"line":26,"column":8},"end":{"line":26,"column":27}},"20":{"start":{"line":30,"column":0},"end":{"line":30,"column":23}}},"fnMap":{"0":{"name":"(anonymous_0)","decl":{"start":{"line":2,"column":4},"end":{"line":2,"column":5}},"loc":{"start":{"line":2,"column":29},"end":{"line":5,"column":5}},"line":2},"1":{"name":"(anonymous_1)","decl":{"start":{"line":7,"column":4},"end":{"line":7,"column":5}},"loc":{"start":{"line":7,"column":20},"end":{"line":12,"column":5}},"line":7},"2":{"name":"(anonymous_2)","decl":{"start":{"line":8,"column":39},"end":{"line":8,"column":40}},"loc":{"start":{"line":8,"column":54},"end":{"line":8,"column":64}},"line":8},"3":{"name":"(anonymous_3)","decl":{"start":{"line":14,"column":4},"end":{"line":14,"column":5}},"loc":{"start":{"line":14,"column":18},"end":{"line":20,"column":5}},"line":14},"4":{"name":"(anonymous_4)","decl":{"start":{"line":22,"column":4},"end":{"line":22,"column":5}},"loc":{"start":{"line":22,"column":22},"end":{"line":27,"column":5}},"line":22}},"branchMap":{"0":{"loc":{"start":{"line":10,"column":8},"end":{"line":10,"column":77}},"type":"if","locations":[{"start":{"line":10,"column":8},"end":{"line":10,"column":77}},{"start":{},"end":{}}],"line":10},"1":{"loc":{"start":{"line":16,"column":8},"end":{"line":16,"column":36}},"type":"if","locations":[{"start":{"line":16,"column":8},"end":{"line":16,"column":36}},{"start":{},"end":{}}],"line":16},"2":{"loc":{"start":{"line":17,"column":8},"end":{"line":17,"column":36}},"type":"if","locations":[{"start":{"line":17,"column":8},"end":{"line":17,"column":36}},{"start":{},"end":{}}],"line":17},"3":{"loc":{"start":{"line":18,"column":8},"end":{"line":18,"column":36}},"type":"if","locations":[{"start":{"line":18,"column":8},"end":{"line":18,"column":36}},{"start":{},"end":{}}],"line":18},"4":{"loc":{"start":{"line":25,"column":8},"end":{"line":25,"column":66}},"type":"if","locations":[{"start":{"line":25,"column":8},"end":{"line":25,"column":66}},{"start":{},"end":{}}],"line":25},"5":{"loc":{"start":{"line":25,"column":12},"end":{"line":25,"column":46}},"type":"binary-expr","locations":[{"start":{"line":25,"column":12},"end":{"line":25,"column":27}},{"start":{"line":25,"column":31},"end":{"line":25,"column":46}}],"line":25}},"s":{"0":37,"1":37,"2":21,"3":40,"4":21,"5":21,"6":2,"7":19,"8":14,"9":14,"10":3,"11":11,"12":2,"13":9,"14":4,"15":5,"16":8,"17":8,"18":5,"19":3,"20":1},"f":{"0":37,"1":21,"2":40,"3":14,"4":8},"b":{"0":[2,19],"1":[3,11],"2":[2,9],"3":[4,5],"4":[5,3],"5":[8,5]},"_coverageSchema":"1a1c01bbd47fc00a2c39e90264f33305004495a9","hash":"e0987e644c9fca05ee2976db0ef34a5f7a5129d1"}
}
