TN:
SF:Aluno.js
FN:2,(anonymous_0)
FN:7,(anonymous_1)
FN:8,(anonymous_2)
FN:14,(anonymous_3)
FN:22,(anonymous_4)
FNF:5
FNH:5
FNDA:37,(anonymous_0)
FNDA:21,(anonymous_1)
FNDA:40,(anonymous_2)
FNDA:14,(anonymous_3)
FNDA:8,(anonymous_4)
DA:3,37
DA:4,37
DA:8,40
DA:9,21
DA:10,21
DA:11,19
DA:15,14
DA:16,14
DA:17,11
DA:18,9
DA:19,5
DA:23,8
DA:25,8
DA:26,3
DA:30,1
LF:15
LH:15
BRDA:10,0,0,2
BRDA:10,0,1,19
BRDA:16,1,0,3
BRDA:16,1,1,11
BRDA:17,2,0,2
BRDA:17,2,1,9
BRDA:18,3,0,4
BRDA:18,3,1,5
BRDA:25,4,0,5
BRDA:25,4,1,3
BRDA:25,5,0,8
BRDA:25,5,1,5
BRF:12
BRH:12
end_of_record
